Determining if the pthread_create exist failed with the following output:
Change Dir: /home/lc/urdf_ws/build/CMakeFiles/CMakeTmp

Run Build Command:"/usr/bin/make" "cmTC_869bd/fast"
/usr/bin/make -f CMakeFiles/cmTC_869bd.dir/build.make CMakeFiles/cmTC_869bd.dir/build
make[1]: Entering directory '/home/lc/urdf_ws/build/CMakeFiles/CMakeTmp'
Building C object CMakeFiles/cmTC_869bd.dir/CheckSymbolExists.c.o
/usr/bin/cc    -o CMakeFiles/cmTC_869bd.dir/CheckSymbolExists.c.o   -c /home/lc/urdf_ws/build/CMakeFiles/CMakeTmp/CheckSymbolExists.c
Linking C executable cmTC_869bd
/usr/bin/cmake -E cmake_link_script CMakeFiles/cmTC_869bd.dir/link.txt --verbose=1
/usr/bin/cc      -rdynamic CMakeFiles/cmTC_869bd.dir/CheckSymbolExists.c.o  -o cmTC_869bd 
CMakeFiles/cmTC_869bd.dir/CheckSymbolExists.c.o: In function `main':
CheckSymbolExists.c:(.text+0x1b): undefined reference to `pthread_create'
collect2: error: ld returned 1 exit status
CMakeFiles/cmTC_869bd.dir/build.make:97: recipe for target 'cmTC_869bd' failed
make[1]: *** [cmTC_869bd] Error 1
make[1]: Leaving directory '/home/lc/urdf_ws/build/CMakeFiles/CMakeTmp'
Makefile:126: recipe for target 'cmTC_869bd/fast' failed
make: *** [cmTC_869bd/fast] Error 2

File /home/lc/urdf_ws/build/CMakeFiles/CMakeTmp/CheckSymbolExists.c:
/* */
#include <pthread.h>

int main(int argc, char** argv)
{
  (void)argv;
#ifndef pthread_create
  return ((int*)(&pthread_create))[argc];
#else
  (void)argc;
  return 0;
#endif
}

Determining if the function pthread_create exists in the pthreads failed with the following output:
Change Dir: /home/lc/urdf_ws/build/CMakeFiles/CMakeTmp

Run Build Command:"/usr/bin/make" "cmTC_712cc/fast"
/usr/bin/make -f CMakeFiles/cmTC_712cc.dir/build.make CMakeFiles/cmTC_712cc.dir/build
make[1]: Entering directory '/home/lc/urdf_ws/build/CMakeFiles/CMakeTmp'
Building C object CMakeFiles/cmTC_712cc.dir/CheckFunctionExists.c.o
/usr/bin/cc   -DCHECK_FUNCTION_EXISTS=pthread_create   -o CMakeFiles/cmTC_712cc.dir/CheckFunctionExists.c.o   -c /usr/share/cmake-3.10/Modules/CheckFunctionExists.c
Linking C executable cmTC_712cc
/usr/bin/cmake -E cmake_link_script CMakeFiles/cmTC_712cc.dir/link.txt --verbose=1
/usr/bin/cc  -DCHECK_FUNCTION_EXISTS=pthread_create    -rdynamic CMakeFiles/cmTC_712cc.dir/CheckFunctionExists.c.o  -o cmTC_712cc -lpthreads 
/usr/bin/ld: cannot find -lpthreads
collect2: error: ld returned 1 exit status
CMakeFiles/cmTC_712cc.dir/build.make:97: recipe for target 'cmTC_712cc' failed
make[1]: *** [cmTC_712cc] Error 1
make[1]: Leaving directory '/home/lc/urdf_ws/build/CMakeFiles/CMakeTmp'
Makefile:126: recipe for target 'cmTC_712cc/fast' failed
make: *** [cmTC_712cc/fast] Error 2


